2025-02-04 08:20:05,841 - INFO - Starting Flask API sever...
2025-02-04 08:20:05,861 - WARNING -  * Debugger is active!
2025-02-04 08:20:05,880 - INFO -  * Debugger PIN: 127-776-398
2025-02-04 08:20:23,553 - INFO - Starting Flask API sever...
2025-02-04 08:20:23,614 - INFO - [31m[1mWARNING: This is a development server. Do not use it in a production deployment. Use a production WSGI server instead.[0m
 * Running on http://127.0.0.1:5000
2025-02-04 08:20:23,614 - INFO - [33mPress CTRL+C to quit[0m
2025-02-04 08:20:23,617 - INFO -  * Restarting with stat
2025-02-04 08:20:24,116 - INFO - Starting Flask API sever...
2025-02-04 08:20:24,149 - WARNING -  * Debugger is active!
2025-02-04 08:20:24,157 - INFO -  * Debugger PIN: 127-776-398
2025-02-04 08:20:38,071 - ERROR - Unhandle exception: 404 Not Found: The requested URL was not found on the server. If you entered the URL manually please check your spelling and try again.
Traceback (most recent call last):
  File "C:\Users\USER\AppData\Local\Programs\Python\Python312\Lib\site-packages\flask\app.py", line 917, in full_dispatch_request
    rv = self.dispatch_request()
         ^^^^^^^^^^^^^^^^^^^^^^^
  File "C:\Users\USER\AppData\Local\Programs\Python\Python312\Lib\site-packages\flask\app.py", line 891, in dispatch_request
    self.raise_routing_exception(req)
  File "C:\Users\USER\AppData\Local\Programs\Python\Python312\Lib\site-packages\flask\app.py", line 500, in raise_routing_exception
    raise request.routing_exception  # type: ignore[misc]
    ^^^^^^^^^^^^^^^^^^^^^^^^^^^^^^^
  File "C:\Users\USER\AppData\Local\Programs\Python\Python312\Lib\site-packages\flask\ctx.py", line 362, in match_request
    result = self.url_adapter.match(return_rule=True)  # type: ignore
             ^^^^^^^^^^^^^^^^^^^^^^^^^^^^^^^^^^^^^^^^
  File "C:\Users\USER\AppData\Local\Programs\Python\Python312\Lib\site-packages\werkzeug\routing\map.py", line 629, in match
    raise NotFound() from None
werkzeug.exceptions.NotFound: 404 Not Found: The requested URL was not found on the server. If you entered the URL manually please check your spelling and try again.
2025-02-04 08:20:38,129 - INFO - 127.0.0.1 - - [04/Feb/2025 08:20:38] "[35m[1mGET / HTTP/1.1[0m" 500 -
2025-02-04 08:20:38,333 - INFO - 127.0.0.1 - - [04/Feb/2025 08:20:38] "GET /?__debugger__=yes&cmd=resource&f=style.css HTTP/1.1" 200 -
2025-02-04 08:20:38,376 - INFO - 127.0.0.1 - - [04/Feb/2025 08:20:38] "GET /?__debugger__=yes&cmd=resource&f=debugger.js HTTP/1.1" 200 -
2025-02-04 08:20:38,462 - INFO - 127.0.0.1 - - [04/Feb/2025 08:20:38] "GET /?__debugger__=yes&cmd=resource&f=console.png&s=KkWWu0Q39JSd1zPb6dND HTTP/1.1" 200 -
2025-02-04 08:20:38,504 - INFO - 127.0.0.1 - - [04/Feb/2025 08:20:38] "GET /?__debugger__=yes&cmd=resource&f=console.png HTTP/1.1" 200 -
2025-02-04 08:21:21,021 - INFO -  * Detected change in 'C:\\Users\\USER\\OneDrive\\Desktop\\LoginWithPythonBasic\\Login.py', reloading
2025-02-04 08:21:21,098 - INFO -  * Restarting with stat
2025-02-04 08:21:21,663 - INFO - Starting Flask API sever...
2025-02-04 08:21:21,701 - WARNING -  * Debugger is active!
2025-02-04 08:21:21,702 - INFO -  * Debugger PIN: 127-776-398
2025-02-04 08:21:23,853 - INFO -  * Detected change in 'C:\\Users\\USER\\OneDrive\\Desktop\\LoginWithPythonBasic\\Login.py', reloading
2025-02-04 08:21:23,898 - INFO -  * Restarting with stat
2025-02-04 08:21:24,446 - INFO - Starting Flask API sever...
2025-02-04 08:21:24,485 - WARNING -  * Debugger is active!
2025-02-04 08:21:24,485 - INFO -  * Debugger PIN: 127-776-398
2025-02-04 08:21:30,742 - INFO -  * Detected change in 'C:\\Users\\USER\\OneDrive\\Desktop\\LoginWithPythonBasic\\Login.py', reloading
2025-02-04 08:21:30,806 - INFO -  * Restarting with stat
2025-02-04 08:21:31,342 - INFO - Starting Flask API sever...
2025-02-04 08:21:31,365 - WARNING -  * Debugger is active!
2025-02-04 08:21:31,381 - INFO -  * Debugger PIN: 127-776-398
2025-02-04 08:22:24,075 - INFO -  * Detected change in 'C:\\Users\\USER\\OneDrive\\Desktop\\LoginWithPythonBasic\\Login.py', reloading
2025-02-04 08:22:24,143 - INFO -  * Restarting with stat
2025-02-04 08:22:24,729 - INFO - Starting Flask API sever...
2025-02-04 08:22:24,771 - WARNING -  * Debugger is active!
2025-02-04 08:22:24,771 - INFO -  * Debugger PIN: 127-776-398
2025-02-04 08:22:27,942 - INFO -  * Detected change in 'C:\\Users\\USER\\OneDrive\\Desktop\\LoginWithPythonBasic\\Login.py', reloading
2025-02-04 08:22:27,985 - INFO -  * Restarting with stat
2025-02-04 08:22:28,517 - INFO - Starting Flask API sever...
2025-02-04 08:22:28,564 - WARNING -  * Debugger is active!
2025-02-04 08:22:28,564 - INFO -  * Debugger PIN: 127-776-398
2025-02-04 08:23:22,278 - INFO -  * Detected change in 'C:\\Users\\USER\\OneDrive\\Desktop\\LoginWithPythonBasic\\Login.py', reloading
2025-02-04 08:23:22,325 - INFO -  * Restarting with stat
2025-02-04 08:23:22,855 - INFO - Starting Flask API sever...
2025-02-04 08:23:22,902 - WARNING -  * Debugger is active!
2025-02-04 08:23:22,902 - INFO -  * Debugger PIN: 127-776-398
2025-02-04 08:23:46,717 - INFO -  * Detected change in 'C:\\Users\\USER\\OneDrive\\Desktop\\LoginWithPythonBasic\\Login.py', reloading
2025-02-04 08:23:46,758 - INFO -  * Restarting with stat
2025-02-04 08:23:47,373 - INFO - Starting Flask API sever...
2025-02-04 08:23:47,411 - WARNING -  * Debugger is active!
2025-02-04 08:23:47,411 - INFO -  * Debugger PIN: 127-776-398
2025-02-04 08:23:48,515 - INFO -  * Detected change in 'C:\\Users\\USER\\OneDrive\\Desktop\\LoginWithPythonBasic\\Login.py', reloading
2025-02-04 08:23:48,558 - INFO -  * Restarting with stat
2025-02-04 08:23:49,108 - INFO - Starting Flask API sever...
2025-02-04 08:23:49,150 - WARNING -  * Debugger is active!
2025-02-04 08:23:49,156 - INFO -  * Debugger PIN: 127-776-398
2025-02-04 08:25:04,683 - INFO -  * Detected change in 'C:\\Users\\USER\\OneDrive\\Desktop\\LoginWithPythonBasic\\Login.py', reloading
2025-02-04 08:25:04,730 - INFO -  * Restarting with stat
2025-02-04 08:25:05,398 - INFO - Starting Flask API sever...
2025-02-04 08:25:05,442 - WARNING -  * Debugger is active!
2025-02-04 08:25:05,450 - INFO -  * Debugger PIN: 127-776-398
2025-02-04 08:25:46,774 - INFO -  * Detected change in 'C:\\Users\\USER\\OneDrive\\Desktop\\LoginWithPythonBasic\\Login.py', reloading
2025-02-04 08:25:46,824 - INFO -  * Restarting with stat
2025-02-04 08:25:47,447 - INFO - Starting Flask API sever...
2025-02-04 08:25:47,484 - WARNING -  * Debugger is active!
2025-02-04 08:25:47,487 - INFO -  * Debugger PIN: 127-776-398
2025-02-04 08:26:29,864 - INFO -  * Detected change in 'C:\\Users\\USER\\OneDrive\\Desktop\\LoginWithPythonBasic\\Login.py', reloading
2025-02-04 08:26:29,905 - INFO -  * Restarting with stat
